{"__type":"$$EventMessageWorkflow","id":"0a91de51-0383-4291-932b-43366c41fd58","ts":"2026-05-16T04:52:25.169-03:00","eventName":"n8n.workflow.failed","message":"n8n.workflow.failed","payload":{"userId":"96f73f6e-e147-4b7c-8ba8-1b27a854bf68","executionId":"32","success":false,"isManual":true,"mode":"manual","workflowId":"lVtYfbCUXWv3Arnr","workflowName":"My workflow","projectId":"pzf4zflAEflwITXx","projectName":"Jefferson Silva <jefferson.admsistemas@gmail.com>","errorMessage":"The workflow has issues and cannot be executed for that reason. Please fix them first."}}
{"__type":"$$EventMessageConfirm","confirm":"0a91de51-0383-4291-932b-43366c41fd58","ts":"2026-05-16T04:52:25.169-03:00","source":{"id":"0","name":"eventBus"}}
{"__type":"$$EventMessageAudit","id":"08ffe552-e616-458c-80c4-cc86228715b1","ts":"2026-05-16T04:52:31.804-03:00","eventName":"n8n.audit.workflow.updated","message":"n8n.audit.workflow.updated","payload":{"userId":"96f73f6e-e147-4b7c-8ba8-1b27a854bf68","_email":"jefferson.admsistemas@gmail.com","_firstName":"Jefferson","_lastName":"Silva","globalRole":"global:owner","workflowId":"lVtYfbCUXWv3Arnr","workflowName":"My workflow"}}
{"__type":"$$EventMessageConfirm","confirm":"08ffe552-e616-458c-80c4-cc86228715b1","ts":"2026-05-16T04:52:31.804-03:00","source":{"id":"0","name":"eventBus"}}
{"__type":"$$EventMessageAudit","id":"0b0d9066-c1e3-44ef-a38a-44c53c05a3c4","ts":"2026-05-16T04:52:31.834-03:00","eventName":"n8n.audit.workflow.executed","message":"n8n.audit.workflow.executed","payload":{"userId":"96f73f6e-e147-4b7c-8ba8-1b27a854bf68","_email":"jefferson.admsistemas@gmail.com","_firstName":"Jefferson","_lastName":"Silva","globalRole":"global:owner","workflowId":"lVtYfbCUXWv3Arnr","workflowName":"My workflow","executionId":"33","source":"user-manual"}}
{"__type":"$$EventMessageConfirm","confirm":"0b0d9066-c1e3-44ef-a38a-44c53c05a3c4","ts":"2026-05-16T04:52:31.834-03:00","source":{"id":"0","name":"eventBus"}}
{"__type":"$$EventMessageWorkflow","id":"35979af3-ae62-42e3-9c15-1ae8084b49a9","ts":"2026-05-16T04:52:31.834-03:00","eventName":"n8n.workflow.started","message":"n8n.workflow.started","payload":{"executionId":"33","workflowId":"lVtYfbCUXWv3Arnr","isManual":false,"mode":"manual","workflowName":"My workflow","projectId":"pzf4zflAEflwITXx","projectName":"Jefferson Silva <jefferson.admsistemas@gmail.com>"}}
{"__type":"$$EventMessageConfirm","confirm":"35979af3-ae62-42e3-9c15-1ae8084b49a9","ts":"2026-05-16T04:52:31.834-03:00","source":{"id":"0","name":"eventBus"}}
{"__type":"$$EventMessageNode","id":"617d5d9b-a961-4189-9b98-e0c92c6a39f8","ts":"2026-05-16T04:52:31.840-03:00","eventName":"n8n.node.started","message":"n8n.node.started","payload":{"workflowId":"lVtYfbCUXWv3Arnr","workflowName":"My workflow","executionId":"33","nodeType":"n8n-nodes-base.manualTrigger","nodeName":"When clicking ‘Execute workflow’","nodeId":"2fcbf10a-2646-4fe0-84a3-8f321db66602"}}
{"__type":"$$EventMessageConfirm","confirm":"617d5d9b-a961-4189-9b98-e0c92c6a39f8","ts":"2026-05-16T04:52:31.840-03:00","source":{"id":"0","name":"eventBus"}}
{"__type":"$$EventMessageNode","id":"090ee5d8-ee8d-4a17-bdd7-9b9578a46cd6","ts":"2026-05-16T04:52:31.843-03:00","eventName":"n8n.node.finished","message":"n8n.node.finished","payload":{"workflowId":"lVtYfbCUXWv3Arnr","workflowName":"My workflow","executionId":"33","nodeType":"n8n-nodes-base.manualTrigger","nodeName":"When clicking ‘Execute workflow’","nodeId":"2fcbf10a-2646-4fe0-84a3-8f321db66602"}}
{"__type":"$$EventMessageConfirm","confirm":"090ee5d8-ee8d-4a17-bdd7-9b9578a46cd6","ts":"2026-05-16T04:52:31.843-03:00","source":{"id":"0","name":"eventBus"}}
{"__type":"$$EventMessageNode","id":"3e5654e5-ce0e-4883-a30e-ab1194ec9141","ts":"2026-05-16T04:52:31.844-03:00","eventName":"n8n.node.started","message":"n8n.node.started","payload":{"workflowId":"lVtYfbCUXWv3Arnr","workflowName":"My workflow","executionId":"33","nodeType":"CUSTOM.shopeeAffiliate","nodeName":"Shopee Affiliate","nodeId":"97747dcf-5e37-418c-add9-83de99782f10"}}
{"__type":"$$EventMessageConfirm","confirm":"3e5654e5-ce0e-4883-a30e-ab1194ec9141","ts":"2026-05-16T04:52:31.844-03:00","source":{"id":"0","name":"eventBus"}}
{"__type":"$$EventMessageAudit","id":"37fb928c-a375-4fe7-bfc4-c68ca68bc9d1","ts":"2026-05-16T04:52:32.033-03:00","eventName":"n8n.audit.workflow.updated","message":"n8n.audit.workflow.updated","payload":{"userId":"96f73f6e-e147-4b7c-8ba8-1b27a854bf68","_email":"jefferson.admsistemas@gmail.com","_firstName":"Jefferson","_lastName":"Silva","globalRole":"global:owner","workflowId":"lVtYfbCUXWv3Arnr","workflowName":"My workflow"}}
{"__type":"$$EventMessageConfirm","confirm":"37fb928c-a375-4fe7-bfc4-c68ca68bc9d1","ts":"2026-05-16T04:52:32.033-03:00","source":{"id":"0","name":"eventBus"}}
{"__type":"$$EventMessageNode","id":"1b43f98c-422e-4805-ace6-021f7115492a","ts":"2026-05-16T04:52:32.444-03:00","eventName":"n8n.node.finished","message":"n8n.node.finished","payload":{"workflowId":"lVtYfbCUXWv3Arnr","workflowName":"My workflow","executionId":"33","nodeType":"CUSTOM.shopeeAffiliate","nodeName":"Shopee Affiliate","nodeId":"97747dcf-5e37-418c-add9-83de99782f10"}}
{"__type":"$$EventMessageConfirm","confirm":"1b43f98c-422e-4805-ace6-021f7115492a","ts":"2026-05-16T04:52:32.444-03:00","source":{"id":"0","name":"eventBus"}}
{"__type":"$$EventMessageWorkflow","id":"18705302-b506-44f2-ab28-96f21463348b","ts":"2026-05-16T04:52:32.446-03:00","eventName":"n8n.workflow.failed","message":"n8n.workflow.failed","payload":{"userId":"96f73f6e-e147-4b7c-8ba8-1b27a854bf68","executionId":"33","success":false,"isManual":true,"mode":"manual","workflowId":"lVtYfbCUXWv3Arnr","workflowName":"My workflow","projectId":"pzf4zflAEflwITXx","projectName":"Jefferson Silva <jefferson.admsistemas@gmail.com>","lastNodeExecuted":"Shopee Affiliate","errorNodeType":"CUSTOM.shopeeAffiliate","errorMessage":"Cannot query field \"searchProduct\" on type \"Query\"."}}
{"__type":"$$EventMessageConfirm","confirm":"18705302-b506-44f2-ab28-96f21463348b","ts":"2026-05-16T04:52:32.446-03:00","source":{"id":"0","name":"eventBus"}}
{"__type":"$$EventMessageAudit","id":"432b49be-3fa9-4f94-b8cb-052e1c5e52a7","ts":"2026-05-16T04:52:41.699-03:00","eventName":"n8n.audit.workflow.executed","message":"n8n.audit.workflow.executed","payload":{"userId":"96f73f6e-e147-4b7c-8ba8-1b27a854bf68","_email":"jefferson.admsistemas@gmail.com","_firstName":"Jefferson","_lastName":"Silva","globalRole":"global:owner","workflowId":"lVtYfbCUXWv3Arnr","workflowName":"My workflow","executionId":"34","source":"user-manual"}}
{"__type":"$$EventMessageConfirm","confirm":"432b49be-3fa9-4f94-b8cb-052e1c5e52a7","ts":"2026-05-16T04:52:41.699-03:00","source":{"id":"0","name":"eventBus"}}
{"__type":"$$EventMessageWorkflow","id":"607e8f14-6a13-46d5-b487-1b4c050a5747","ts":"2026-05-16T04:52:41.699-03:00","eventName":"n8n.workflow.started","message":"n8n.workflow.started","payload":{"executionId":"34","workflowId":"lVtYfbCUXWv3Arnr","isManual":false,"mode":"manual","workflowName":"My workflow","projectId":"pzf4zflAEflwITXx","projectName":"Jefferson Silva <jefferson.admsistemas@gmail.com>"}}
{"__type":"$$EventMessageConfirm","confirm":"607e8f14-6a13-46d5-b487-1b4c050a5747","ts":"2026-05-16T04:52:41.700-03:00","source":{"id":"0","name":"eventBus"}}
{"__type":"$$EventMessageNode","id":"3a300496-b442-4ade-b14a-8232614c4ff7","ts":"2026-05-16T04:52:41.706-03:00","eventName":"n8n.node.started","message":"n8n.node.started","payload":{"workflowId":"lVtYfbCUXWv3Arnr","workflowName":"My workflow","executionId":"34","nodeType":"n8n-nodes-base.manualTrigger","nodeName":"When clicking ‘Execute workflow’","nodeId":"2fcbf10a-2646-4fe0-84a3-8f321db66602"}}
{"__type":"$$EventMessageConfirm","confirm":"3a300496-b442-4ade-b14a-8232614c4ff7","ts":"2026-05-16T04:52:41.706-03:00","source":{"id":"0","name":"eventBus"}}
{"__type":"$$EventMessageNode","id":"4875a7ad-2af2-49ae-955b-2abbbd9e6977","ts":"2026-05-16T04:52:41.706-03:00","eventName":"n8n.node.finished","message":"n8n.node.finished","payload":{"workflowId":"lVtYfbCUXWv3Arnr","workflowName":"My workflow","executionId":"34","nodeType":"n8n-nodes-base.manualTrigger","nodeName":"When clicking ‘Execute workflow’","nodeId":"2fcbf10a-2646-4fe0-84a3-8f321db66602"}}
{"__type":"$$EventMessageConfirm","confirm":"4875a7ad-2af2-49ae-955b-2abbbd9e6977","ts":"2026-05-16T04:52:41.706-03:00","source":{"id":"0","name":"eventBus"}}
{"__type":"$$EventMessageNode","id":"546ecd5e-f5e4-4f9a-a355-d2f9348f24e9","ts":"2026-05-16T04:52:41.707-03:00","eventName":"n8n.node.started","message":"n8n.node.started","payload":{"workflowId":"lVtYfbCUXWv3Arnr","workflowName":"My workflow","executionId":"34","nodeType":"CUSTOM.shopeeAffiliate","nodeName":"Shopee Affiliate","nodeId":"97747dcf-5e37-418c-add9-83de99782f10"}}
{"__type":"$$EventMessageConfirm","confirm":"546ecd5e-f5e4-4f9a-a355-d2f9348f24e9","ts":"2026-05-16T04:52:41.707-03:00","source":{"id":"0","name":"eventBus"}}
{"__type":"$$EventMessageNode","id":"3b8b67cc-0c7b-474a-b42a-039b1fad9c13","ts":"2026-05-16T04:52:42.302-03:00","eventName":"n8n.node.finished","message":"n8n.node.finished","payload":{"workflowId":"lVtYfbCUXWv3Arnr","workflowName":"My workflow","executionId":"34","nodeType":"CUSTOM.shopeeAffiliate","nodeName":"Shopee Affiliate","nodeId":"97747dcf-5e37-418c-add9-83de99782f10"}}
{"__type":"$$EventMessageConfirm","confirm":"3b8b67cc-0c7b-474a-b42a-039b1fad9c13","ts":"2026-05-16T04:52:42.302-03:00","source":{"id":"0","name":"eventBus"}}
{"__type":"$$EventMessageWorkflow","id":"6583e80b-fcff-4357-8740-1444e48a30d9","ts":"2026-05-16T04:52:42.304-03:00","eventName":"n8n.workflow.failed","message":"n8n.workflow.failed","payload":{"userId":"96f73f6e-e147-4b7c-8ba8-1b27a854bf68","executionId":"34","success":false,"isManual":true,"mode":"manual","workflowId":"lVtYfbCUXWv3Arnr","workflowName":"My workflow","projectId":"pzf4zflAEflwITXx","projectName":"Jefferson Silva <jefferson.admsistemas@gmail.com>","lastNodeExecuted":"Shopee Affiliate","errorNodeType":"CUSTOM.shopeeAffiliate","errorMessage":"Cannot query field \"searchProduct\" on type \"Query\"."}}
{"__type":"$$EventMessageConfirm","confirm":"6583e80b-fcff-4357-8740-1444e48a30d9","ts":"2026-05-16T04:52:42.304-03:00","source":{"id":"0","name":"eventBus"}}
{"__type":"$$EventMessageAudit","id":"6fc23b8b-8518-4d64-a120-00e5bf87eada","ts":"2026-05-16T04:52:50.418-03:00","eventName":"n8n.audit.workflow.updated","message":"n8n.audit.workflow.updated","payload":{"userId":"96f73f6e-e147-4b7c-8ba8-1b27a854bf68","_email":"jefferson.admsistemas@gmail.com","_firstName":"Jefferson","_lastName":"Silva","globalRole":"global:owner","workflowId":"lVtYfbCUXWv3Arnr","workflowName":"My workflow"}}
{"__type":"$$EventMessageConfirm","confirm":"6fc23b8b-8518-4d64-a120-00e5bf87eada","ts":"2026-05-16T04:52:50.418-03:00","source":{"id":"0","name":"eventBus"}}
{"__type":"$$EventMessageAudit","id":"e90a19f0-32fe-44da-bcef-f7a44519c5ea","ts":"2026-05-16T04:53:10.854-03:00","eventName":"n8n.audit.workflow.executed","message":"n8n.audit.workflow.executed","payload":{"userId":"96f73f6e-e147-4b7c-8ba8-1b27a854bf68","_email":"jefferson.admsistemas@gmail.com","_firstName":"Jefferson","_lastName":"Silva","globalRole":"global:owner","workflowId":"lVtYfbCUXWv3Arnr","workflowName":"My workflow","executionId":"35","source":"user-manual"}}
{"__type":"$$EventMessageConfirm","confirm":"e90a19f0-32fe-44da-bcef-f7a44519c5ea","ts":"2026-05-16T04:53:10.854-03:00","source":{"id":"0","name":"eventBus"}}
{"__type":"$$EventMessageWorkflow","id":"0d6a4e09-5481-4a8b-80d4-41e7234095ac","ts":"2026-05-16T04:53:10.854-03:00","eventName":"n8n.workflow.started","message":"n8n.workflow.started","payload":{"executionId":"35","workflowId":"lVtYfbCUXWv3Arnr","isManual":false,"mode":"manual","workflowName":"My workflow","projectId":"pzf4zflAEflwITXx","projectName":"Jefferson Silva <jefferson.admsistemas@gmail.com>"}}
{"__type":"$$EventMessageConfirm","confirm":"0d6a4e09-5481-4a8b-80d4-41e7234095ac","ts":"2026-05-16T04:53:10.854-03:00","source":{"id":"0","name":"eventBus"}}
{"__type":"$$EventMessageNode","id":"906347fe-7213-4bcb-a44c-0de1342e47aa","ts":"2026-05-16T04:53:10.861-03:00","eventName":"n8n.node.started","message":"n8n.node.started","payload":{"workflowId":"lVtYfbCUXWv3Arnr","workflowName":"My workflow","executionId":"35","nodeType":"CUSTOM.shopeeAffiliate","nodeName":"Shopee Affiliate","nodeId":"97747dcf-5e37-418c-add9-83de99782f10"}}
{"__type":"$$EventMessageConfirm","confirm":"906347fe-7213-4bcb-a44c-0de1342e47aa","ts":"2026-05-16T04:53:10.861-03:00","source":{"id":"0","name":"eventBus"}}
{"__type":"$$EventMessageNode","id":"f6ed0843-1137-4249-9714-5630ae534766","ts":"2026-05-16T04:53:12.523-03:00","eventName":"n8n.node.finished","message":"n8n.node.finished","payload":{"workflowId":"lVtYfbCUXWv3Arnr","workflowName":"My workflow","executionId":"35","nodeType":"CUSTOM.shopeeAffiliate","nodeName":"Shopee Affiliate","nodeId":"97747dcf-5e37-418c-add9-83de99782f10"}}
{"__type":"$$EventMessageConfirm","confirm":"f6ed0843-1137-4249-9714-5630ae534766","ts":"2026-05-16T04:53:12.523-03:00","source":{"id":"0","name":"eventBus"}}
{"__type":"$$EventMessageWorkflow","id":"abdacb4f-9600-4dde-9914-4c42f6727896","ts":"2026-05-16T04:53:12.524-03:00","eventName":"n8n.workflow.success","message":"n8n.workflow.success","payload":{"userId":"96f73f6e-e147-4b7c-8ba8-1b27a854bf68","executionId":"35","success":true,"isManual":true,"mode":"manual","workflowId":"lVtYfbCUXWv3Arnr","workflowName":"My workflow","projectId":"pzf4zflAEflwITXx","projectName":"Jefferson Silva <jefferson.admsistemas@gmail.com>"}}
{"__type":"$$EventMessageConfirm","confirm":"abdacb4f-9600-4dde-9914-4c42f6727896","ts":"2026-05-16T04:53:12.524-03:00","source":{"id":"0","name":"eventBus"}}
