{"__type":"$$EventMessageAudit","id":"c9305692-acc4-493c-929d-3b49e03f3b3a","ts":"2026-05-16T04:09:35.694-03:00","eventName":"n8n.audit.workflow.executed","message":"n8n.audit.workflow.executed","payload":{"userId":"96f73f6e-e147-4b7c-8ba8-1b27a854bf68","_email":"jefferson.admsistemas@gmail.com","_firstName":"Jefferson","_lastName":"Silva","globalRole":"global:owner","workflowId":"lVtYfbCUXWv3Arnr","workflowName":"My workflow","executionId":"14","source":"user-manual"}}
{"__type":"$$EventMessageConfirm","confirm":"c9305692-acc4-493c-929d-3b49e03f3b3a","ts":"2026-05-16T04:09:35.694-03:00","source":{"id":"0","name":"eventBus"}}
{"__type":"$$EventMessageWorkflow","id":"912f681f-0ac6-4091-817f-55a6c43bc236","ts":"2026-05-16T04:09:35.695-03:00","eventName":"n8n.workflow.started","message":"n8n.workflow.started","payload":{"executionId":"14","workflowId":"lVtYfbCUXWv3Arnr","isManual":false,"mode":"manual","workflowName":"My workflow","projectId":"pzf4zflAEflwITXx","projectName":"Jefferson Silva <jefferson.admsistemas@gmail.com>"}}
{"__type":"$$EventMessageConfirm","confirm":"912f681f-0ac6-4091-817f-55a6c43bc236","ts":"2026-05-16T04:09:35.695-03:00","source":{"id":"0","name":"eventBus"}}
{"__type":"$$EventMessageNode","id":"602603b6-e2a4-4244-80f8-79cc3a0f4243","ts":"2026-05-16T04:09:35.701-03:00","eventName":"n8n.node.started","message":"n8n.node.started","payload":{"workflowId":"lVtYfbCUXWv3Arnr","workflowName":"My workflow","executionId":"14","nodeType":"n8n-nodes-base.manualTrigger","nodeName":"When clicking ‘Execute workflow’","nodeId":"2fcbf10a-2646-4fe0-84a3-8f321db66602"}}
{"__type":"$$EventMessageConfirm","confirm":"602603b6-e2a4-4244-80f8-79cc3a0f4243","ts":"2026-05-16T04:09:35.701-03:00","source":{"id":"0","name":"eventBus"}}
{"__type":"$$EventMessageNode","id":"5140c2cf-3828-4ff7-b9e4-fda81f15b01a","ts":"2026-05-16T04:09:35.703-03:00","eventName":"n8n.node.finished","message":"n8n.node.finished","payload":{"workflowId":"lVtYfbCUXWv3Arnr","workflowName":"My workflow","executionId":"14","nodeType":"n8n-nodes-base.manualTrigger","nodeName":"When clicking ‘Execute workflow’","nodeId":"2fcbf10a-2646-4fe0-84a3-8f321db66602"}}
{"__type":"$$EventMessageConfirm","confirm":"5140c2cf-3828-4ff7-b9e4-fda81f15b01a","ts":"2026-05-16T04:09:35.703-03:00","source":{"id":"0","name":"eventBus"}}
{"__type":"$$EventMessageNode","id":"7acffa6c-b607-45f8-b6a2-1b5c7313eb6d","ts":"2026-05-16T04:09:35.704-03:00","eventName":"n8n.node.started","message":"n8n.node.started","payload":{"workflowId":"lVtYfbCUXWv3Arnr","workflowName":"My workflow","executionId":"14","nodeType":"CUSTOM.shopeeAffiliate","nodeName":"Shopee Affiliate","nodeId":"97747dcf-5e37-418c-add9-83de99782f10"}}
{"__type":"$$EventMessageConfirm","confirm":"7acffa6c-b607-45f8-b6a2-1b5c7313eb6d","ts":"2026-05-16T04:09:35.704-03:00","source":{"id":"0","name":"eventBus"}}
{"__type":"$$EventMessageNode","id":"0a3082b2-82bb-4fe8-b2ae-fbface6c32be","ts":"2026-05-16T04:09:37.210-03:00","eventName":"n8n.node.finished","message":"n8n.node.finished","payload":{"workflowId":"lVtYfbCUXWv3Arnr","workflowName":"My workflow","executionId":"14","nodeType":"CUSTOM.shopeeAffiliate","nodeName":"Shopee Affiliate","nodeId":"97747dcf-5e37-418c-add9-83de99782f10"}}
{"__type":"$$EventMessageConfirm","confirm":"0a3082b2-82bb-4fe8-b2ae-fbface6c32be","ts":"2026-05-16T04:09:37.210-03:00","source":{"id":"0","name":"eventBus"}}
{"__type":"$$EventMessageWorkflow","id":"55f4e153-9c1f-43e8-9b2d-6ed9a30d9188","ts":"2026-05-16T04:09:37.214-03:00","eventName":"n8n.workflow.success","message":"n8n.workflow.success","payload":{"userId":"96f73f6e-e147-4b7c-8ba8-1b27a854bf68","executionId":"14","success":true,"isManual":true,"mode":"manual","workflowId":"lVtYfbCUXWv3Arnr","workflowName":"My workflow","projectId":"pzf4zflAEflwITXx","projectName":"Jefferson Silva <jefferson.admsistemas@gmail.com>"}}
{"__type":"$$EventMessageConfirm","confirm":"55f4e153-9c1f-43e8-9b2d-6ed9a30d9188","ts":"2026-05-16T04:09:37.214-03:00","source":{"id":"0","name":"eventBus"}}
{"__type":"$$EventMessageAudit","id":"5c915592-12bd-4ad1-8cc4-a74d65480836","ts":"2026-05-16T04:09:49.799-03:00","eventName":"n8n.audit.workflow.updated","message":"n8n.audit.workflow.updated","payload":{"userId":"96f73f6e-e147-4b7c-8ba8-1b27a854bf68","_email":"jefferson.admsistemas@gmail.com","_firstName":"Jefferson","_lastName":"Silva","globalRole":"global:owner","workflowId":"lVtYfbCUXWv3Arnr","workflowName":"My workflow"}}
{"__type":"$$EventMessageConfirm","confirm":"5c915592-12bd-4ad1-8cc4-a74d65480836","ts":"2026-05-16T04:09:49.799-03:00","source":{"id":"0","name":"eventBus"}}
{"__type":"$$EventMessageAudit","id":"a83e0361-d210-457d-8f9c-a8a1ef64c32b","ts":"2026-05-16T04:09:50.234-03:00","eventName":"n8n.audit.workflow.executed","message":"n8n.audit.workflow.executed","payload":{"userId":"96f73f6e-e147-4b7c-8ba8-1b27a854bf68","_email":"jefferson.admsistemas@gmail.com","_firstName":"Jefferson","_lastName":"Silva","globalRole":"global:owner","workflowId":"lVtYfbCUXWv3Arnr","workflowName":"My workflow","executionId":"15","source":"user-manual"}}
{"__type":"$$EventMessageConfirm","confirm":"a83e0361-d210-457d-8f9c-a8a1ef64c32b","ts":"2026-05-16T04:09:50.234-03:00","source":{"id":"0","name":"eventBus"}}
{"__type":"$$EventMessageWorkflow","id":"2ff79feb-0804-4f3b-88ee-b722bb4abaf2","ts":"2026-05-16T04:09:50.234-03:00","eventName":"n8n.workflow.started","message":"n8n.workflow.started","payload":{"executionId":"15","workflowId":"lVtYfbCUXWv3Arnr","isManual":false,"mode":"manual","workflowName":"My workflow","projectId":"pzf4zflAEflwITXx","projectName":"Jefferson Silva <jefferson.admsistemas@gmail.com>"}}
{"__type":"$$EventMessageConfirm","confirm":"2ff79feb-0804-4f3b-88ee-b722bb4abaf2","ts":"2026-05-16T04:09:50.234-03:00","source":{"id":"0","name":"eventBus"}}
{"__type":"$$EventMessageNode","id":"14bb4e22-ac94-4822-be62-005537192dc1","ts":"2026-05-16T04:09:50.240-03:00","eventName":"n8n.node.started","message":"n8n.node.started","payload":{"workflowId":"lVtYfbCUXWv3Arnr","workflowName":"My workflow","executionId":"15","nodeType":"CUSTOM.shopeeAffiliate","nodeName":"Shopee Affiliate","nodeId":"97747dcf-5e37-418c-add9-83de99782f10"}}
{"__type":"$$EventMessageConfirm","confirm":"14bb4e22-ac94-4822-be62-005537192dc1","ts":"2026-05-16T04:09:50.240-03:00","source":{"id":"0","name":"eventBus"}}
{"__type":"$$EventMessageNode","id":"9f5c1f92-afe9-464b-a3d1-1791a5e76546","ts":"2026-05-16T04:09:51.716-03:00","eventName":"n8n.node.finished","message":"n8n.node.finished","payload":{"workflowId":"lVtYfbCUXWv3Arnr","workflowName":"My workflow","executionId":"15","nodeType":"CUSTOM.shopeeAffiliate","nodeName":"Shopee Affiliate","nodeId":"97747dcf-5e37-418c-add9-83de99782f10"}}
{"__type":"$$EventMessageConfirm","confirm":"9f5c1f92-afe9-464b-a3d1-1791a5e76546","ts":"2026-05-16T04:09:51.716-03:00","source":{"id":"0","name":"eventBus"}}
{"__type":"$$EventMessageWorkflow","id":"79bf011a-e23a-444f-a59f-8e82bf274751","ts":"2026-05-16T04:09:51.717-03:00","eventName":"n8n.workflow.success","message":"n8n.workflow.success","payload":{"userId":"96f73f6e-e147-4b7c-8ba8-1b27a854bf68","executionId":"15","success":true,"isManual":true,"mode":"manual","workflowId":"lVtYfbCUXWv3Arnr","workflowName":"My workflow","projectId":"pzf4zflAEflwITXx","projectName":"Jefferson Silva <jefferson.admsistemas@gmail.com>"}}
{"__type":"$$EventMessageConfirm","confirm":"79bf011a-e23a-444f-a59f-8e82bf274751","ts":"2026-05-16T04:09:51.718-03:00","source":{"id":"0","name":"eventBus"}}
{"__type":"$$EventMessageAudit","id":"d5cac8c9-2629-4161-bb3e-08f503225d6d","ts":"2026-05-16T04:10:56.665-03:00","eventName":"n8n.audit.workflow.updated","message":"n8n.audit.workflow.updated","payload":{"userId":"96f73f6e-e147-4b7c-8ba8-1b27a854bf68","_email":"jefferson.admsistemas@gmail.com","_firstName":"Jefferson","_lastName":"Silva","globalRole":"global:owner","workflowId":"lVtYfbCUXWv3Arnr","workflowName":"My workflow"}}
{"__type":"$$EventMessageConfirm","confirm":"d5cac8c9-2629-4161-bb3e-08f503225d6d","ts":"2026-05-16T04:10:56.665-03:00","source":{"id":"0","name":"eventBus"}}
{"__type":"$$EventMessageAudit","id":"ba8e4bf1-9c99-475a-8711-d2713a973ce6","ts":"2026-05-16T04:11:03.306-03:00","eventName":"n8n.audit.workflow.updated","message":"n8n.audit.workflow.updated","payload":{"userId":"96f73f6e-e147-4b7c-8ba8-1b27a854bf68","_email":"jefferson.admsistemas@gmail.com","_firstName":"Jefferson","_lastName":"Silva","globalRole":"global:owner","workflowId":"lVtYfbCUXWv3Arnr","workflowName":"My workflow"}}
{"__type":"$$EventMessageConfirm","confirm":"ba8e4bf1-9c99-475a-8711-d2713a973ce6","ts":"2026-05-16T04:11:03.306-03:00","source":{"id":"0","name":"eventBus"}}
{"__type":"$$EventMessageAudit","id":"6a30d9da-3c9c-4831-b36c-7bf81c397644","ts":"2026-05-16T04:11:03.918-03:00","eventName":"n8n.audit.workflow.executed","message":"n8n.audit.workflow.executed","payload":{"userId":"96f73f6e-e147-4b7c-8ba8-1b27a854bf68","_email":"jefferson.admsistemas@gmail.com","_firstName":"Jefferson","_lastName":"Silva","globalRole":"global:owner","workflowId":"lVtYfbCUXWv3Arnr","workflowName":"My workflow","executionId":"16","source":"user-manual"}}
{"__type":"$$EventMessageConfirm","confirm":"6a30d9da-3c9c-4831-b36c-7bf81c397644","ts":"2026-05-16T04:11:03.918-03:00","source":{"id":"0","name":"eventBus"}}
{"__type":"$$EventMessageWorkflow","id":"ca60f018-c239-48d2-846a-1ab33b3423c2","ts":"2026-05-16T04:11:03.918-03:00","eventName":"n8n.workflow.started","message":"n8n.workflow.started","payload":{"executionId":"16","workflowId":"lVtYfbCUXWv3Arnr","isManual":false,"mode":"manual","workflowName":"My workflow","projectId":"pzf4zflAEflwITXx","projectName":"Jefferson Silva <jefferson.admsistemas@gmail.com>"}}
{"__type":"$$EventMessageConfirm","confirm":"ca60f018-c239-48d2-846a-1ab33b3423c2","ts":"2026-05-16T04:11:03.918-03:00","source":{"id":"0","name":"eventBus"}}
{"__type":"$$EventMessageNode","id":"98442dbb-20cc-4300-9826-9f967e8bb904","ts":"2026-05-16T04:11:03.926-03:00","eventName":"n8n.node.started","message":"n8n.node.started","payload":{"workflowId":"lVtYfbCUXWv3Arnr","workflowName":"My workflow","executionId":"16","nodeType":"CUSTOM.shopeeAffiliate","nodeName":"Shopee Affiliate","nodeId":"97747dcf-5e37-418c-add9-83de99782f10"}}
{"__type":"$$EventMessageConfirm","confirm":"98442dbb-20cc-4300-9826-9f967e8bb904","ts":"2026-05-16T04:11:03.926-03:00","source":{"id":"0","name":"eventBus"}}
{"__type":"$$EventMessageNode","id":"c25ed549-4151-4333-895c-738ad6ac7810","ts":"2026-05-16T04:11:04.533-03:00","eventName":"n8n.node.finished","message":"n8n.node.finished","payload":{"workflowId":"lVtYfbCUXWv3Arnr","workflowName":"My workflow","executionId":"16","nodeType":"CUSTOM.shopeeAffiliate","nodeName":"Shopee Affiliate","nodeId":"97747dcf-5e37-418c-add9-83de99782f10"}}
{"__type":"$$EventMessageConfirm","confirm":"c25ed549-4151-4333-895c-738ad6ac7810","ts":"2026-05-16T04:11:04.533-03:00","source":{"id":"0","name":"eventBus"}}
{"__type":"$$EventMessageWorkflow","id":"6d98a32c-cd86-4591-918b-9c3e3c0012dd","ts":"2026-05-16T04:11:04.534-03:00","eventName":"n8n.workflow.failed","message":"n8n.workflow.failed","payload":{"userId":"96f73f6e-e147-4b7c-8ba8-1b27a854bf68","executionId":"16","success":false,"isManual":true,"mode":"manual","workflowId":"lVtYfbCUXWv3Arnr","workflowName":"My workflow","projectId":"pzf4zflAEflwITXx","projectName":"Jefferson Silva <jefferson.admsistemas@gmail.com>","lastNodeExecuted":"Shopee Affiliate","errorNodeType":"CUSTOM.shopeeAffiliate","errorMessage":"Cannot query field \"searchProduct\" on type \"Query\"."}}
{"__type":"$$EventMessageConfirm","confirm":"6d98a32c-cd86-4591-918b-9c3e3c0012dd","ts":"2026-05-16T04:11:04.534-03:00","source":{"id":"0","name":"eventBus"}}
{"__type":"$$EventMessageAudit","id":"06a9fbbb-05cd-494e-a489-d4a44e092d0b","ts":"2026-05-16T04:11:14.385-03:00","eventName":"n8n.audit.workflow.updated","message":"n8n.audit.workflow.updated","payload":{"userId":"96f73f6e-e147-4b7c-8ba8-1b27a854bf68","_email":"jefferson.admsistemas@gmail.com","_firstName":"Jefferson","_lastName":"Silva","globalRole":"global:owner","workflowId":"lVtYfbCUXWv3Arnr","workflowName":"My workflow"}}
{"__type":"$$EventMessageConfirm","confirm":"06a9fbbb-05cd-494e-a489-d4a44e092d0b","ts":"2026-05-16T04:11:14.385-03:00","source":{"id":"0","name":"eventBus"}}
{"__type":"$$EventMessageAudit","id":"165f45ee-1664-4b60-b655-ad7eff071702","ts":"2026-05-16T04:11:44.425-03:00","eventName":"n8n.audit.workflow.updated","message":"n8n.audit.workflow.updated","payload":{"userId":"96f73f6e-e147-4b7c-8ba8-1b27a854bf68","_email":"jefferson.admsistemas@gmail.com","_firstName":"Jefferson","_lastName":"Silva","globalRole":"global:owner","workflowId":"lVtYfbCUXWv3Arnr","workflowName":"My workflow"}}
{"__type":"$$EventMessageConfirm","confirm":"165f45ee-1664-4b60-b655-ad7eff071702","ts":"2026-05-16T04:11:44.425-03:00","source":{"id":"0","name":"eventBus"}}
{"__type":"$$EventMessageAudit","id":"d43f138a-e11f-46e5-a576-dabf5347a4ea","ts":"2026-05-16T04:11:44.593-03:00","eventName":"n8n.audit.workflow.executed","message":"n8n.audit.workflow.executed","payload":{"userId":"96f73f6e-e147-4b7c-8ba8-1b27a854bf68","_email":"jefferson.admsistemas@gmail.com","_firstName":"Jefferson","_lastName":"Silva","globalRole":"global:owner","workflowId":"lVtYfbCUXWv3Arnr","workflowName":"My workflow","executionId":"17","source":"user-manual"}}
{"__type":"$$EventMessageConfirm","confirm":"d43f138a-e11f-46e5-a576-dabf5347a4ea","ts":"2026-05-16T04:11:44.593-03:00","source":{"id":"0","name":"eventBus"}}
{"__type":"$$EventMessageWorkflow","id":"9eeb47eb-a38c-435f-865b-a327ccfe375e","ts":"2026-05-16T04:11:44.593-03:00","eventName":"n8n.workflow.started","message":"n8n.workflow.started","payload":{"executionId":"17","workflowId":"lVtYfbCUXWv3Arnr","isManual":false,"mode":"manual","workflowName":"My workflow","projectId":"pzf4zflAEflwITXx","projectName":"Jefferson Silva <jefferson.admsistemas@gmail.com>"}}
{"__type":"$$EventMessageConfirm","confirm":"9eeb47eb-a38c-435f-865b-a327ccfe375e","ts":"2026-05-16T04:11:44.593-03:00","source":{"id":"0","name":"eventBus"}}
{"__type":"$$EventMessageNode","id":"5f0d3b73-05d4-47f4-9181-10728e5b4532","ts":"2026-05-16T04:11:44.598-03:00","eventName":"n8n.node.started","message":"n8n.node.started","payload":{"workflowId":"lVtYfbCUXWv3Arnr","workflowName":"My workflow","executionId":"17","nodeType":"CUSTOM.shopeeAffiliate","nodeName":"Shopee Affiliate","nodeId":"97747dcf-5e37-418c-add9-83de99782f10"}}
{"__type":"$$EventMessageConfirm","confirm":"5f0d3b73-05d4-47f4-9181-10728e5b4532","ts":"2026-05-16T04:11:44.598-03:00","source":{"id":"0","name":"eventBus"}}
{"__type":"$$EventMessageNode","id":"ab00bb36-c2ff-46cd-8083-51590a976fb3","ts":"2026-05-16T04:11:45.208-03:00","eventName":"n8n.node.finished","message":"n8n.node.finished","payload":{"workflowId":"lVtYfbCUXWv3Arnr","workflowName":"My workflow","executionId":"17","nodeType":"CUSTOM.shopeeAffiliate","nodeName":"Shopee Affiliate","nodeId":"97747dcf-5e37-418c-add9-83de99782f10"}}
{"__type":"$$EventMessageConfirm","confirm":"ab00bb36-c2ff-46cd-8083-51590a976fb3","ts":"2026-05-16T04:11:45.208-03:00","source":{"id":"0","name":"eventBus"}}
{"__type":"$$EventMessageWorkflow","id":"387afe1b-07a3-48be-b3f1-865385b7e004","ts":"2026-05-16T04:11:45.210-03:00","eventName":"n8n.workflow.success","message":"n8n.workflow.success","payload":{"userId":"96f73f6e-e147-4b7c-8ba8-1b27a854bf68","executionId":"17","success":true,"isManual":true,"mode":"manual","workflowId":"lVtYfbCUXWv3Arnr","workflowName":"My workflow","projectId":"pzf4zflAEflwITXx","projectName":"Jefferson Silva <jefferson.admsistemas@gmail.com>"}}
{"__type":"$$EventMessageConfirm","confirm":"387afe1b-07a3-48be-b3f1-865385b7e004","ts":"2026-05-16T04:11:45.210-03:00","source":{"id":"0","name":"eventBus"}}
{"__type":"$$EventMessageAudit","id":"5c7f4240-0b4b-486c-8fae-790a4bcc3c8d","ts":"2026-05-16T04:11:56.987-03:00","eventName":"n8n.audit.workflow.executed","message":"n8n.audit.workflow.executed","payload":{"userId":"96f73f6e-e147-4b7c-8ba8-1b27a854bf68","_email":"jefferson.admsistemas@gmail.com","_firstName":"Jefferson","_lastName":"Silva","globalRole":"global:owner","workflowId":"lVtYfbCUXWv3Arnr","workflowName":"My workflow","executionId":"18","source":"user-manual"}}
{"__type":"$$EventMessageConfirm","confirm":"5c7f4240-0b4b-486c-8fae-790a4bcc3c8d","ts":"2026-05-16T04:11:56.987-03:00","source":{"id":"0","name":"eventBus"}}
{"__type":"$$EventMessageWorkflow","id":"11283be9-3fef-4cdf-8037-455adf3befc6","ts":"2026-05-16T04:11:56.987-03:00","eventName":"n8n.workflow.started","message":"n8n.workflow.started","payload":{"executionId":"18","workflowId":"lVtYfbCUXWv3Arnr","isManual":false,"mode":"manual","workflowName":"My workflow","projectId":"pzf4zflAEflwITXx","projectName":"Jefferson Silva <jefferson.admsistemas@gmail.com>"}}
{"__type":"$$EventMessageConfirm","confirm":"11283be9-3fef-4cdf-8037-455adf3befc6","ts":"2026-05-16T04:11:56.987-03:00","source":{"id":"0","name":"eventBus"}}
{"__type":"$$EventMessageNode","id":"8ea997e3-38a1-4102-b71d-0e9b4d641986","ts":"2026-05-16T04:11:56.993-03:00","eventName":"n8n.node.started","message":"n8n.node.started","payload":{"workflowId":"lVtYfbCUXWv3Arnr","workflowName":"My workflow","executionId":"18","nodeType":"CUSTOM.shopeeAffiliate","nodeName":"Shopee Affiliate","nodeId":"97747dcf-5e37-418c-add9-83de99782f10"}}
{"__type":"$$EventMessageConfirm","confirm":"8ea997e3-38a1-4102-b71d-0e9b4d641986","ts":"2026-05-16T04:11:56.993-03:00","source":{"id":"0","name":"eventBus"}}
{"__type":"$$EventMessageNode","id":"f4ee8e5a-74ae-4882-b7bf-c9ee625c8acc","ts":"2026-05-16T04:11:57.746-03:00","eventName":"n8n.node.finished","message":"n8n.node.finished","payload":{"workflowId":"lVtYfbCUXWv3Arnr","workflowName":"My workflow","executionId":"18","nodeType":"CUSTOM.shopeeAffiliate","nodeName":"Shopee Affiliate","nodeId":"97747dcf-5e37-418c-add9-83de99782f10"}}
{"__type":"$$EventMessageConfirm","confirm":"f4ee8e5a-74ae-4882-b7bf-c9ee625c8acc","ts":"2026-05-16T04:11:57.746-03:00","source":{"id":"0","name":"eventBus"}}
{"__type":"$$EventMessageWorkflow","id":"e0224b78-077f-4647-9200-fc4ded931402","ts":"2026-05-16T04:11:57.747-03:00","eventName":"n8n.workflow.success","message":"n8n.workflow.success","payload":{"userId":"96f73f6e-e147-4b7c-8ba8-1b27a854bf68","executionId":"18","success":true,"isManual":true,"mode":"manual","workflowId":"lVtYfbCUXWv3Arnr","workflowName":"My workflow","projectId":"pzf4zflAEflwITXx","projectName":"Jefferson Silva <jefferson.admsistemas@gmail.com>"}}
{"__type":"$$EventMessageConfirm","confirm":"e0224b78-077f-4647-9200-fc4ded931402","ts":"2026-05-16T04:11:57.747-03:00","source":{"id":"0","name":"eventBus"}}
{"__type":"$$EventMessageAudit","id":"71525a2b-c9ae-42d8-bfe3-927fa8ba2058","ts":"2026-05-16T04:11:58.954-03:00","eventName":"n8n.audit.workflow.executed","message":"n8n.audit.workflow.executed","payload":{"userId":"96f73f6e-e147-4b7c-8ba8-1b27a854bf68","_email":"jefferson.admsistemas@gmail.com","_firstName":"Jefferson","_lastName":"Silva","globalRole":"global:owner","workflowId":"lVtYfbCUXWv3Arnr","workflowName":"My workflow","executionId":"19","source":"user-manual"}}
{"__type":"$$EventMessageConfirm","confirm":"71525a2b-c9ae-42d8-bfe3-927fa8ba2058","ts":"2026-05-16T04:11:58.954-03:00","source":{"id":"0","name":"eventBus"}}
{"__type":"$$EventMessageWorkflow","id":"04c0a354-876a-4613-b9a2-e05b914cc242","ts":"2026-05-16T04:11:58.954-03:00","eventName":"n8n.workflow.started","message":"n8n.workflow.started","payload":{"executionId":"19","workflowId":"lVtYfbCUXWv3Arnr","isManual":false,"mode":"manual","workflowName":"My workflow","projectId":"pzf4zflAEflwITXx","projectName":"Jefferson Silva <jefferson.admsistemas@gmail.com>"}}
{"__type":"$$EventMessageConfirm","confirm":"04c0a354-876a-4613-b9a2-e05b914cc242","ts":"2026-05-16T04:11:58.954-03:00","source":{"id":"0","name":"eventBus"}}
{"__type":"$$EventMessageNode","id":"8540ab59-2b12-439c-89e7-875254111d50","ts":"2026-05-16T04:11:58.962-03:00","eventName":"n8n.node.started","message":"n8n.node.started","payload":{"workflowId":"lVtYfbCUXWv3Arnr","workflowName":"My workflow","executionId":"19","nodeType":"CUSTOM.shopeeAffiliate","nodeName":"Shopee Affiliate","nodeId":"97747dcf-5e37-418c-add9-83de99782f10"}}
{"__type":"$$EventMessageConfirm","confirm":"8540ab59-2b12-439c-89e7-875254111d50","ts":"2026-05-16T04:11:58.962-03:00","source":{"id":"0","name":"eventBus"}}
{"__type":"$$EventMessageNode","id":"e8689836-e7cf-4043-896b-eef00be0861a","ts":"2026-05-16T04:11:59.559-03:00","eventName":"n8n.node.finished","message":"n8n.node.finished","payload":{"workflowId":"lVtYfbCUXWv3Arnr","workflowName":"My workflow","executionId":"19","nodeType":"CUSTOM.shopeeAffiliate","nodeName":"Shopee Affiliate","nodeId":"97747dcf-5e37-418c-add9-83de99782f10"}}
{"__type":"$$EventMessageConfirm","confirm":"e8689836-e7cf-4043-896b-eef00be0861a","ts":"2026-05-16T04:11:59.559-03:00","source":{"id":"0","name":"eventBus"}}
{"__type":"$$EventMessageWorkflow","id":"2170a010-6967-421d-9e9f-9c2874db6358","ts":"2026-05-16T04:11:59.561-03:00","eventName":"n8n.workflow.success","message":"n8n.workflow.success","payload":{"userId":"96f73f6e-e147-4b7c-8ba8-1b27a854bf68","executionId":"19","success":true,"isManual":true,"mode":"manual","workflowId":"lVtYfbCUXWv3Arnr","workflowName":"My workflow","projectId":"pzf4zflAEflwITXx","projectName":"Jefferson Silva <jefferson.admsistemas@gmail.com>"}}
{"__type":"$$EventMessageConfirm","confirm":"2170a010-6967-421d-9e9f-9c2874db6358","ts":"2026-05-16T04:11:59.561-03:00","source":{"id":"0","name":"eventBus"}}
{"__type":"$$EventMessageAudit","id":"7cdbc0f6-857d-4fbb-a8ee-62544488b529","ts":"2026-05-16T04:12:03.102-03:00","eventName":"n8n.audit.workflow.updated","message":"n8n.audit.workflow.updated","payload":{"userId":"96f73f6e-e147-4b7c-8ba8-1b27a854bf68","_email":"jefferson.admsistemas@gmail.com","_firstName":"Jefferson","_lastName":"Silva","globalRole":"global:owner","workflowId":"lVtYfbCUXWv3Arnr","workflowName":"My workflow"}}
{"__type":"$$EventMessageConfirm","confirm":"7cdbc0f6-857d-4fbb-a8ee-62544488b529","ts":"2026-05-16T04:12:03.102-03:00","source":{"id":"0","name":"eventBus"}}
{"__type":"$$EventMessageAudit","id":"fa80a448-b492-4373-b249-078114c1a452","ts":"2026-05-16T04:12:06.004-03:00","eventName":"n8n.audit.workflow.updated","message":"n8n.audit.workflow.updated","payload":{"userId":"96f73f6e-e147-4b7c-8ba8-1b27a854bf68","_email":"jefferson.admsistemas@gmail.com","_firstName":"Jefferson","_lastName":"Silva","globalRole":"global:owner","workflowId":"lVtYfbCUXWv3Arnr","workflowName":"My workflow"}}
{"__type":"$$EventMessageConfirm","confirm":"fa80a448-b492-4373-b249-078114c1a452","ts":"2026-05-16T04:12:06.004-03:00","source":{"id":"0","name":"eventBus"}}
{"__type":"$$EventMessageAudit","id":"1dba40b6-fa37-436d-adbe-acbfa7d93370","ts":"2026-05-16T04:12:06.034-03:00","eventName":"n8n.audit.workflow.executed","message":"n8n.audit.workflow.executed","payload":{"userId":"96f73f6e-e147-4b7c-8ba8-1b27a854bf68","_email":"jefferson.admsistemas@gmail.com","_firstName":"Jefferson","_lastName":"Silva","globalRole":"global:owner","workflowId":"lVtYfbCUXWv3Arnr","workflowName":"My workflow","executionId":"20","source":"user-manual"}}
{"__type":"$$EventMessageConfirm","confirm":"1dba40b6-fa37-436d-adbe-acbfa7d93370","ts":"2026-05-16T04:12:06.034-03:00","source":{"id":"0","name":"eventBus"}}
{"__type":"$$EventMessageWorkflow","id":"0e8ad467-54c5-4b23-ae18-388cf13347c7","ts":"2026-05-16T04:12:06.034-03:00","eventName":"n8n.workflow.started","message":"n8n.workflow.started","payload":{"executionId":"20","workflowId":"lVtYfbCUXWv3Arnr","isManual":false,"mode":"manual","workflowName":"My workflow","projectId":"pzf4zflAEflwITXx","projectName":"Jefferson Silva <jefferson.admsistemas@gmail.com>"}}
{"__type":"$$EventMessageConfirm","confirm":"0e8ad467-54c5-4b23-ae18-388cf13347c7","ts":"2026-05-16T04:12:06.034-03:00","source":{"id":"0","name":"eventBus"}}
{"__type":"$$EventMessageNode","id":"7a8462ba-a947-4063-822e-bf679d545393","ts":"2026-05-16T04:12:06.041-03:00","eventName":"n8n.node.started","message":"n8n.node.started","payload":{"workflowId":"lVtYfbCUXWv3Arnr","workflowName":"My workflow","executionId":"20","nodeType":"CUSTOM.shopeeAffiliate","nodeName":"Shopee Affiliate","nodeId":"97747dcf-5e37-418c-add9-83de99782f10"}}
{"__type":"$$EventMessageConfirm","confirm":"7a8462ba-a947-4063-822e-bf679d545393","ts":"2026-05-16T04:12:06.041-03:00","source":{"id":"0","name":"eventBus"}}
{"__type":"$$EventMessageAudit","id":"f60016d6-b1e4-4419-b7d1-300add0b7d2c","ts":"2026-05-16T04:12:06.253-03:00","eventName":"n8n.audit.workflow.updated","message":"n8n.audit.workflow.updated","payload":{"userId":"96f73f6e-e147-4b7c-8ba8-1b27a854bf68","_email":"jefferson.admsistemas@gmail.com","_firstName":"Jefferson","_lastName":"Silva","globalRole":"global:owner","workflowId":"lVtYfbCUXWv3Arnr","workflowName":"My workflow"}}
{"__type":"$$EventMessageConfirm","confirm":"f60016d6-b1e4-4419-b7d1-300add0b7d2c","ts":"2026-05-16T04:12:06.253-03:00","source":{"id":"0","name":"eventBus"}}
{"__type":"$$EventMessageNode","id":"2062b0b8-105f-4fbf-b489-38fd7991cc14","ts":"2026-05-16T04:12:06.656-03:00","eventName":"n8n.node.finished","message":"n8n.node.finished","payload":{"workflowId":"lVtYfbCUXWv3Arnr","workflowName":"My workflow","executionId":"20","nodeType":"CUSTOM.shopeeAffiliate","nodeName":"Shopee Affiliate","nodeId":"97747dcf-5e37-418c-add9-83de99782f10"}}
{"__type":"$$EventMessageConfirm","confirm":"2062b0b8-105f-4fbf-b489-38fd7991cc14","ts":"2026-05-16T04:12:06.657-03:00","source":{"id":"0","name":"eventBus"}}
{"__type":"$$EventMessageWorkflow","id":"cd4b1a38-a59d-41af-a122-6698abcf2990","ts":"2026-05-16T04:12:06.658-03:00","eventName":"n8n.workflow.success","message":"n8n.workflow.success","payload":{"userId":"96f73f6e-e147-4b7c-8ba8-1b27a854bf68","executionId":"20","success":true,"isManual":true,"mode":"manual","workflowId":"lVtYfbCUXWv3Arnr","workflowName":"My workflow","projectId":"pzf4zflAEflwITXx","projectName":"Jefferson Silva <jefferson.admsistemas@gmail.com>"}}
{"__type":"$$EventMessageConfirm","confirm":"cd4b1a38-a59d-41af-a122-6698abcf2990","ts":"2026-05-16T04:12:06.658-03:00","source":{"id":"0","name":"eventBus"}}
{"__type":"$$EventMessageAudit","id":"5a46939e-ea89-4ed5-9ec4-46029883c2c5","ts":"2026-05-16T04:12:13.565-03:00","eventName":"n8n.audit.workflow.updated","message":"n8n.audit.workflow.updated","payload":{"userId":"96f73f6e-e147-4b7c-8ba8-1b27a854bf68","_email":"jefferson.admsistemas@gmail.com","_firstName":"Jefferson","_lastName":"Silva","globalRole":"global:owner","workflowId":"lVtYfbCUXWv3Arnr","workflowName":"My workflow"}}
{"__type":"$$EventMessageConfirm","confirm":"5a46939e-ea89-4ed5-9ec4-46029883c2c5","ts":"2026-05-16T04:12:13.565-03:00","source":{"id":"0","name":"eventBus"}}
{"__type":"$$EventMessageAudit","id":"5ed2dc7a-5a3b-45da-a882-40ea454df0f4","ts":"2026-05-16T04:12:14.043-03:00","eventName":"n8n.audit.workflow.executed","message":"n8n.audit.workflow.executed","payload":{"userId":"96f73f6e-e147-4b7c-8ba8-1b27a854bf68","_email":"jefferson.admsistemas@gmail.com","_firstName":"Jefferson","_lastName":"Silva","globalRole":"global:owner","workflowId":"lVtYfbCUXWv3Arnr","workflowName":"My workflow","executionId":"21","source":"user-manual"}}
{"__type":"$$EventMessageConfirm","confirm":"5ed2dc7a-5a3b-45da-a882-40ea454df0f4","ts":"2026-05-16T04:12:14.043-03:00","source":{"id":"0","name":"eventBus"}}
{"__type":"$$EventMessageWorkflow","id":"7c719b1d-ee19-428d-a29a-ce9d9775b35e","ts":"2026-05-16T04:12:14.043-03:00","eventName":"n8n.workflow.started","message":"n8n.workflow.started","payload":{"executionId":"21","workflowId":"lVtYfbCUXWv3Arnr","isManual":false,"mode":"manual","workflowName":"My workflow","projectId":"pzf4zflAEflwITXx","projectName":"Jefferson Silva <jefferson.admsistemas@gmail.com>"}}
{"__type":"$$EventMessageConfirm","confirm":"7c719b1d-ee19-428d-a29a-ce9d9775b35e","ts":"2026-05-16T04:12:14.043-03:00","source":{"id":"0","name":"eventBus"}}
{"__type":"$$EventMessageNode","id":"63288239-20ac-4035-aaaf-82268d1c6203","ts":"2026-05-16T04:12:14.048-03:00","eventName":"n8n.node.started","message":"n8n.node.started","payload":{"workflowId":"lVtYfbCUXWv3Arnr","workflowName":"My workflow","executionId":"21","nodeType":"CUSTOM.shopeeAffiliate","nodeName":"Shopee Affiliate","nodeId":"97747dcf-5e37-418c-add9-83de99782f10"}}
{"__type":"$$EventMessageConfirm","confirm":"63288239-20ac-4035-aaaf-82268d1c6203","ts":"2026-05-16T04:12:14.048-03:00","source":{"id":"0","name":"eventBus"}}
{"__type":"$$EventMessageNode","id":"593001e4-b7c3-45d4-b305-ca7d5f9b2274","ts":"2026-05-16T04:12:14.649-03:00","eventName":"n8n.node.finished","message":"n8n.node.finished","payload":{"workflowId":"lVtYfbCUXWv3Arnr","workflowName":"My workflow","executionId":"21","nodeType":"CUSTOM.shopeeAffiliate","nodeName":"Shopee Affiliate","nodeId":"97747dcf-5e37-418c-add9-83de99782f10"}}
{"__type":"$$EventMessageConfirm","confirm":"593001e4-b7c3-45d4-b305-ca7d5f9b2274","ts":"2026-05-16T04:12:14.649-03:00","source":{"id":"0","name":"eventBus"}}
{"__type":"$$EventMessageWorkflow","id":"643292a8-fa76-4564-95d8-b0a2ee247a3f","ts":"2026-05-16T04:12:14.650-03:00","eventName":"n8n.workflow.success","message":"n8n.workflow.success","payload":{"userId":"96f73f6e-e147-4b7c-8ba8-1b27a854bf68","executionId":"21","success":true,"isManual":true,"mode":"manual","workflowId":"lVtYfbCUXWv3Arnr","workflowName":"My workflow","projectId":"pzf4zflAEflwITXx","projectName":"Jefferson Silva <jefferson.admsistemas@gmail.com>"}}
{"__type":"$$EventMessageConfirm","confirm":"643292a8-fa76-4564-95d8-b0a2ee247a3f","ts":"2026-05-16T04:12:14.651-03:00","source":{"id":"0","name":"eventBus"}}
{"__type":"$$EventMessageAudit","id":"6f404e54-a3c6-400f-bbd8-1e980c3ab747","ts":"2026-05-16T04:12:45.149-03:00","eventName":"n8n.audit.workflow.updated","message":"n8n.audit.workflow.updated","payload":{"userId":"96f73f6e-e147-4b7c-8ba8-1b27a854bf68","_email":"jefferson.admsistemas@gmail.com","_firstName":"Jefferson","_lastName":"Silva","globalRole":"global:owner","workflowId":"lVtYfbCUXWv3Arnr","workflowName":"My workflow"}}
{"__type":"$$EventMessageConfirm","confirm":"6f404e54-a3c6-400f-bbd8-1e980c3ab747","ts":"2026-05-16T04:12:45.149-03:00","source":{"id":"0","name":"eventBus"}}
{"__type":"$$EventMessageAudit","id":"ee6d9ba8-b5b7-4d86-9b5e-f3549e11daa4","ts":"2026-05-16T04:12:47.259-03:00","eventName":"n8n.audit.workflow.executed","message":"n8n.audit.workflow.executed","payload":{"userId":"96f73f6e-e147-4b7c-8ba8-1b27a854bf68","_email":"jefferson.admsistemas@gmail.com","_firstName":"Jefferson","_lastName":"Silva","globalRole":"global:owner","workflowId":"lVtYfbCUXWv3Arnr","workflowName":"My workflow","executionId":"22","source":"user-manual"}}
{"__type":"$$EventMessageConfirm","confirm":"ee6d9ba8-b5b7-4d86-9b5e-f3549e11daa4","ts":"2026-05-16T04:12:47.260-03:00","source":{"id":"0","name":"eventBus"}}
{"__type":"$$EventMessageWorkflow","id":"c2383dae-7568-4d39-ae2d-f35d9ff1be1c","ts":"2026-05-16T04:12:47.260-03:00","eventName":"n8n.workflow.started","message":"n8n.workflow.started","payload":{"executionId":"22","workflowId":"lVtYfbCUXWv3Arnr","isManual":false,"mode":"manual","workflowName":"My workflow","projectId":"pzf4zflAEflwITXx","projectName":"Jefferson Silva <jefferson.admsistemas@gmail.com>"}}
{"__type":"$$EventMessageConfirm","confirm":"c2383dae-7568-4d39-ae2d-f35d9ff1be1c","ts":"2026-05-16T04:12:47.260-03:00","source":{"id":"0","name":"eventBus"}}
{"__type":"$$EventMessageNode","id":"58a0394e-a369-46ef-9058-ba1e656ff38c","ts":"2026-05-16T04:12:47.266-03:00","eventName":"n8n.node.started","message":"n8n.node.started","payload":{"workflowId":"lVtYfbCUXWv3Arnr","workflowName":"My workflow","executionId":"22","nodeType":"CUSTOM.shopeeAffiliate","nodeName":"Shopee Affiliate","nodeId":"97747dcf-5e37-418c-add9-83de99782f10"}}
{"__type":"$$EventMessageConfirm","confirm":"58a0394e-a369-46ef-9058-ba1e656ff38c","ts":"2026-05-16T04:12:47.266-03:00","source":{"id":"0","name":"eventBus"}}
{"__type":"$$EventMessageNode","id":"19d1dbfc-5604-4695-92e3-bacffdda4700","ts":"2026-05-16T04:12:48.754-03:00","eventName":"n8n.node.finished","message":"n8n.node.finished","payload":{"workflowId":"lVtYfbCUXWv3Arnr","workflowName":"My workflow","executionId":"22","nodeType":"CUSTOM.shopeeAffiliate","nodeName":"Shopee Affiliate","nodeId":"97747dcf-5e37-418c-add9-83de99782f10"}}
{"__type":"$$EventMessageConfirm","confirm":"19d1dbfc-5604-4695-92e3-bacffdda4700","ts":"2026-05-16T04:12:48.754-03:00","source":{"id":"0","name":"eventBus"}}
{"__type":"$$EventMessageWorkflow","id":"381cbf0d-ab32-4999-8b56-9c00a54f4954","ts":"2026-05-16T04:12:48.755-03:00","eventName":"n8n.workflow.success","message":"n8n.workflow.success","payload":{"userId":"96f73f6e-e147-4b7c-8ba8-1b27a854bf68","executionId":"22","success":true,"isManual":true,"mode":"manual","workflowId":"lVtYfbCUXWv3Arnr","workflowName":"My workflow","projectId":"pzf4zflAEflwITXx","projectName":"Jefferson Silva <jefferson.admsistemas@gmail.com>"}}
{"__type":"$$EventMessageConfirm","confirm":"381cbf0d-ab32-4999-8b56-9c00a54f4954","ts":"2026-05-16T04:12:48.755-03:00","source":{"id":"0","name":"eventBus"}}
{"__type":"$$EventMessageAudit","id":"9c2f4276-4a88-43d6-8d9b-da8cd76de780","ts":"2026-05-16T04:15:09.159-03:00","eventName":"n8n.audit.workflow.updated","message":"n8n.audit.workflow.updated","payload":{"userId":"96f73f6e-e147-4b7c-8ba8-1b27a854bf68","_email":"jefferson.admsistemas@gmail.com","_firstName":"Jefferson","_lastName":"Silva","globalRole":"global:owner","workflowId":"lVtYfbCUXWv3Arnr","workflowName":"My workflow"}}
{"__type":"$$EventMessageConfirm","confirm":"9c2f4276-4a88-43d6-8d9b-da8cd76de780","ts":"2026-05-16T04:15:09.159-03:00","source":{"id":"0","name":"eventBus"}}
{"__type":"$$EventMessageAudit","id":"cae1b9b9-7731-48ae-9c0c-fe8dea87230d","ts":"2026-05-16T04:15:09.287-03:00","eventName":"n8n.audit.workflow.executed","message":"n8n.audit.workflow.executed","payload":{"userId":"96f73f6e-e147-4b7c-8ba8-1b27a854bf68","_email":"jefferson.admsistemas@gmail.com","_firstName":"Jefferson","_lastName":"Silva","globalRole":"global:owner","workflowId":"lVtYfbCUXWv3Arnr","workflowName":"My workflow","executionId":"23","source":"user-manual"}}
{"__type":"$$EventMessageConfirm","confirm":"cae1b9b9-7731-48ae-9c0c-fe8dea87230d","ts":"2026-05-16T04:15:09.287-03:00","source":{"id":"0","name":"eventBus"}}
{"__type":"$$EventMessageWorkflow","id":"5d3bb872-3e85-4126-8a92-e1e9a2a528d8","ts":"2026-05-16T04:15:09.287-03:00","eventName":"n8n.workflow.started","message":"n8n.workflow.started","payload":{"executionId":"23","workflowId":"lVtYfbCUXWv3Arnr","isManual":false,"mode":"manual","workflowName":"My workflow","projectId":"pzf4zflAEflwITXx","projectName":"Jefferson Silva <jefferson.admsistemas@gmail.com>"}}
{"__type":"$$EventMessageConfirm","confirm":"5d3bb872-3e85-4126-8a92-e1e9a2a528d8","ts":"2026-05-16T04:15:09.287-03:00","source":{"id":"0","name":"eventBus"}}
{"__type":"$$EventMessageNode","id":"939abbef-290b-40ea-8587-d5eb1611efcd","ts":"2026-05-16T04:15:09.292-03:00","eventName":"n8n.node.started","message":"n8n.node.started","payload":{"workflowId":"lVtYfbCUXWv3Arnr","workflowName":"My workflow","executionId":"23","nodeType":"CUSTOM.shopeeAffiliate","nodeName":"Shopee Affiliate","nodeId":"97747dcf-5e37-418c-add9-83de99782f10"}}
{"__type":"$$EventMessageConfirm","confirm":"939abbef-290b-40ea-8587-d5eb1611efcd","ts":"2026-05-16T04:15:09.292-03:00","source":{"id":"0","name":"eventBus"}}
{"__type":"$$EventMessageNode","id":"1d233f1f-46f5-4e03-af73-9cf7934c3da7","ts":"2026-05-16T04:15:10.897-03:00","eventName":"n8n.node.finished","message":"n8n.node.finished","payload":{"workflowId":"lVtYfbCUXWv3Arnr","workflowName":"My workflow","executionId":"23","nodeType":"CUSTOM.shopeeAffiliate","nodeName":"Shopee Affiliate","nodeId":"97747dcf-5e37-418c-add9-83de99782f10"}}
{"__type":"$$EventMessageConfirm","confirm":"1d233f1f-46f5-4e03-af73-9cf7934c3da7","ts":"2026-05-16T04:15:10.897-03:00","source":{"id":"0","name":"eventBus"}}
{"__type":"$$EventMessageWorkflow","id":"c60b96b8-2171-4ae7-813e-5d800dd42904","ts":"2026-05-16T04:15:10.899-03:00","eventName":"n8n.workflow.success","message":"n8n.workflow.success","payload":{"userId":"96f73f6e-e147-4b7c-8ba8-1b27a854bf68","executionId":"23","success":true,"isManual":true,"mode":"manual","workflowId":"lVtYfbCUXWv3Arnr","workflowName":"My workflow","projectId":"pzf4zflAEflwITXx","projectName":"Jefferson Silva <jefferson.admsistemas@gmail.com>"}}
{"__type":"$$EventMessageConfirm","confirm":"c60b96b8-2171-4ae7-813e-5d800dd42904","ts":"2026-05-16T04:15:10.899-03:00","source":{"id":"0","name":"eventBus"}}
{"__type":"$$EventMessageAudit","id":"433b80a2-5b53-4078-aad7-1441bcfe1e89","ts":"2026-05-16T04:15:21.343-03:00","eventName":"n8n.audit.workflow.updated","message":"n8n.audit.workflow.updated","payload":{"userId":"96f73f6e-e147-4b7c-8ba8-1b27a854bf68","_email":"jefferson.admsistemas@gmail.com","_firstName":"Jefferson","_lastName":"Silva","globalRole":"global:owner","workflowId":"lVtYfbCUXWv3Arnr","workflowName":"My workflow"}}
{"__type":"$$EventMessageConfirm","confirm":"433b80a2-5b53-4078-aad7-1441bcfe1e89","ts":"2026-05-16T04:15:21.343-03:00","source":{"id":"0","name":"eventBus"}}
{"__type":"$$EventMessageAudit","id":"f5174475-8e61-437a-a5dd-1223e29d76cb","ts":"2026-05-16T04:15:21.370-03:00","eventName":"n8n.audit.workflow.executed","message":"n8n.audit.workflow.executed","payload":{"userId":"96f73f6e-e147-4b7c-8ba8-1b27a854bf68","_email":"jefferson.admsistemas@gmail.com","_firstName":"Jefferson","_lastName":"Silva","globalRole":"global:owner","workflowId":"lVtYfbCUXWv3Arnr","workflowName":"My workflow","executionId":"24","source":"user-manual"}}
{"__type":"$$EventMessageConfirm","confirm":"f5174475-8e61-437a-a5dd-1223e29d76cb","ts":"2026-05-16T04:15:21.370-03:00","source":{"id":"0","name":"eventBus"}}
{"__type":"$$EventMessageWorkflow","id":"cf36df85-8d3b-478d-9183-05d173bb4828","ts":"2026-05-16T04:15:21.370-03:00","eventName":"n8n.workflow.started","message":"n8n.workflow.started","payload":{"executionId":"24","workflowId":"lVtYfbCUXWv3Arnr","isManual":false,"mode":"manual","workflowName":"My workflow","projectId":"pzf4zflAEflwITXx","projectName":"Jefferson Silva <jefferson.admsistemas@gmail.com>"}}
{"__type":"$$EventMessageConfirm","confirm":"cf36df85-8d3b-478d-9183-05d173bb4828","ts":"2026-05-16T04:15:21.370-03:00","source":{"id":"0","name":"eventBus"}}
{"__type":"$$EventMessageNode","id":"59f45327-c128-46b8-93d5-122117e84e14","ts":"2026-05-16T04:15:21.376-03:00","eventName":"n8n.node.started","message":"n8n.node.started","payload":{"workflowId":"lVtYfbCUXWv3Arnr","workflowName":"My workflow","executionId":"24","nodeType":"CUSTOM.shopeeAffiliate","nodeName":"Shopee Affiliate","nodeId":"97747dcf-5e37-418c-add9-83de99782f10"}}
{"__type":"$$EventMessageConfirm","confirm":"59f45327-c128-46b8-93d5-122117e84e14","ts":"2026-05-16T04:15:21.376-03:00","source":{"id":"0","name":"eventBus"}}
{"__type":"$$EventMessageAudit","id":"bdd09cde-b0ef-451b-b5e0-cba3faeccf0c","ts":"2026-05-16T04:15:21.701-03:00","eventName":"n8n.audit.workflow.updated","message":"n8n.audit.workflow.updated","payload":{"userId":"96f73f6e-e147-4b7c-8ba8-1b27a854bf68","_email":"jefferson.admsistemas@gmail.com","_firstName":"Jefferson","_lastName":"Silva","globalRole":"global:owner","workflowId":"lVtYfbCUXWv3Arnr","workflowName":"My workflow"}}
{"__type":"$$EventMessageConfirm","confirm":"bdd09cde-b0ef-451b-b5e0-cba3faeccf0c","ts":"2026-05-16T04:15:21.701-03:00","source":{"id":"0","name":"eventBus"}}
{"__type":"$$EventMessageNode","id":"a6cce83d-cd0f-4ad5-994e-a466437b33d5","ts":"2026-05-16T04:15:22.800-03:00","eventName":"n8n.node.finished","message":"n8n.node.finished","payload":{"workflowId":"lVtYfbCUXWv3Arnr","workflowName":"My workflow","executionId":"24","nodeType":"CUSTOM.shopeeAffiliate","nodeName":"Shopee Affiliate","nodeId":"97747dcf-5e37-418c-add9-83de99782f10"}}
{"__type":"$$EventMessageConfirm","confirm":"a6cce83d-cd0f-4ad5-994e-a466437b33d5","ts":"2026-05-16T04:15:22.800-03:00","source":{"id":"0","name":"eventBus"}}
{"__type":"$$EventMessageWorkflow","id":"0dd230f1-3aea-490f-a594-b6b8f5ce0ba3","ts":"2026-05-16T04:15:22.802-03:00","eventName":"n8n.workflow.success","message":"n8n.workflow.success","payload":{"userId":"96f73f6e-e147-4b7c-8ba8-1b27a854bf68","executionId":"24","success":true,"isManual":true,"mode":"manual","workflowId":"lVtYfbCUXWv3Arnr","workflowName":"My workflow","projectId":"pzf4zflAEflwITXx","projectName":"Jefferson Silva <jefferson.admsistemas@gmail.com>"}}
{"__type":"$$EventMessageConfirm","confirm":"0dd230f1-3aea-490f-a594-b6b8f5ce0ba3","ts":"2026-05-16T04:15:22.802-03:00","source":{"id":"0","name":"eventBus"}}
